<?xml version="1.0" encoding="UTF-8"?>
<!-- Generated by org.testng.reporters.JUnitReportReporter -->
<testsuite hostname="BuiAnhKhoa" failures="0" tests="1" name="com.example.demo.TestLogin" time="50.968" errors="0" timestamp="2023-12-18T21:32:30 ICT" skipped="0">
  <testcase classname="com.example.demo.TestLogin" name="LoginTest" time="50.968"/>
</testsuite> <!-- com.example.demo.TestLogin -->
