<?xml version="1.0" encoding="UTF-8"?>
<!-- Generated by org.testng.reporters.JUnitReportReporter -->
<testsuite hostname="Nhat-Tan-Dell-5530" failures="0" tests="1" name="com.example.demo.TestLogin" time="94.897" errors="0" timestamp="2023-12-18T10:09:02 ICT" skipped="0">
  <testcase classname="com.example.demo.TestLogin" name="LoginTest" time="94.897"/>
</testsuite> <!-- com.example.demo.TestLogin -->
