<?xml version="1.0" encoding="UTF-8"?>
<!-- Generated by org.testng.reporters.JUnitReportReporter -->
<testsuite hostname="Nhat-Tan-Dell-5530" failures="0" tests="1" name="com.example.demo.RegisterData" time="60.846" errors="0" timestamp="2023-12-18T17:04:47 ICT" skipped="0">
  <testcase classname="com.example.demo.RegisterData" name="LoginTest" time="60.846"/>
</testsuite> <!-- com.example.demo.RegisterData -->
