<?xml version="1.0" encoding="UTF-8"?>
<!-- Generated by org.testng.reporters.JUnitReportReporter -->
<testsuite hostname="Nhat-Tan-Dell-5530" failures="0" tests="1" name="com.example.demo.TestProduct" time="58.288" errors="0" timestamp="2023-12-18T16:07:13 ICT" skipped="0">
  <testcase classname="com.example.demo.TestProduct" name="LoginTest" time="58.288"/>
</testsuite> <!-- com.example.demo.TestProduct -->
