<?xml version="1.0" encoding="UTF-8"?>
<!-- Generated by org.testng.reporters.JUnitReportReporter -->
<testsuite hostname="Nhat-Tan-Dell-5530" failures="0" tests="1" name="com.example.demo.TestLogin" time="66.554" errors="0" timestamp="2023-12-18T16:09:57 ICT" skipped="0">
  <testcase classname="com.example.demo.TestLogin" name="LoginTest" time="66.554"/>
</testsuite> <!-- com.example.demo.TestLogin -->
